26-Jun-20 17:13:38 - WARNING - F:\Parser\app.py - --------------------NEW REQUEST--------------------
26-Jun-20 17:13:38 - INFO - F:\Parser\app.py - POST request received from 127.0.0.1
26-Jun-20 17:13:38 - DEBUG - F:\Parser\app.py - POST request User-Agent: curl/7.69.1
26-Jun-20 17:13:38 - INFO - F:\Parser\app.py - POST contains: ['file']
26-Jun-20 17:13:38 - INFO - F:\Parser\app.py - Send "file" (123325_diag_master_701019_1988-01-01_00-09-39.txt) to parser
26-Jun-20 17:13:38 - DEBUG - F:\Parser\scripts\parsers\dc_parser.py - This is Quanta 5
26-Jun-20 17:13:38 - INFO - F:\Parser\scripts\parsers\dc_parser.py - <module 'scripts.parsers.parser_q5' from 'F:\\Parser\\scripts\\parsers\\parser_q5.py'> was imported to parse the diagnostic card
26-Jun-20 17:13:38 - DEBUG - F:\Parser\scripts\parsers\parser_q5.py - General info: Firmware - H18S14-OCTOPUS_PTPv1.3.2, Model - V5-23, Subfamily - Vector 5, SN - 701019, Uptime - 00:09:35, Last reboot reason - manual delayed restart
26-Jun-20 17:13:38 - DEBUG - F:\Parser\scripts\parsers\parser_q5.py - Settings: {'Role': 'master', 'Bandwidth': '40', 'DL Frequency': '4915', 'UL Frequency': '4820', 'Frame size': '5', 'Guard Interval': '1/16', 'DL/UL Ratio': '17/83', 'Tx Power': '27', 'ATPC': 'Enabled', 'AMC Strategy': 'aggressive', 'ADLP': 'Enabled', 'Max DL MCS': '256-QAM-7/8', 'Max UL MCS': '256-QAM-7/8', 'DFS': 'Disabled', 'ARQ': 'Enabled', 'Interface Status': {'ge0': 'up'}}
26-Jun-20 17:13:38 - DEBUG - F:\Parser\scripts\parsers\parser_q5.py - Radio Status: {'Link status': 'connected', 'Measured Distance': None, 'Downlink': {'Frequency': '4915', 'Stream 0': {'Tx Power': '26', 'MCS': '64-QAM-3/4', 'RSSI': '-54.7', 'EVM': '-19.8', 'Crosstalk': '-18.0', 'ARQ ratio': '1.9'}, 'Stream 1': {'Tx Power': '27', 'MCS': '64-QAM-2/3', 'RSSI': '-52.7', 'EVM': '-19.6', 'Crosstalk': '-23.8', 'ARQ ratio': '0.0'}}, 'Uplink': {'Frequency': '4820', 'Stream 0': {'Tx Power': '25', 'MCS': '64-QAM-5/6', 'RSSI': '-56.7', 'EVM': '-27.1', 'Crosstalk': '-17.6', 'ARQ ratio': '1.2'}, 'Stream 1': {'Tx Power': '25', 'MCS': '64-QAM-5/6', 'RSSI': '-56.5', 'EVM': '-25.3', 'Crosstalk': '-30.3', 'ARQ ratio': '0.0'}}}
26-Jun-20 17:13:38 - DEBUG - F:\Parser\scripts\parsers\parser_q5.py - Ethernet Status: {'ge0': {'Status': 'up', 'Speed': '1000', 'Duplex': 'Full', 'Negotiation': 'Auto', 'CRC': '25'}}
26-Jun-20 17:13:38 - INFO - F:\Parser\scripts\parsers\parser_q5.py - Diagnostic card parsed, Elapsed Time: 0.019946813583374023
26-Jun-20 17:13:38 - INFO - F:\Parser\scripts\tests\q5\ethernet_check.py - Ethernet test failed
26-Jun-20 17:13:38 - DEBUG - F:\Parser\scripts\tests\dc_tester.py - Test "*/Q5/ethernet_check", Elapsed Time: 0.00997304916381836
26-Jun-20 17:13:38 - INFO - F:\Parser\scripts\tests\q5\log_check.py - Log issues test passed
26-Jun-20 17:13:38 - DEBUG - F:\Parser\scripts\tests\dc_tester.py - Test "*/Q5/log_check", Elapsed Time: 0.000997781753540039
26-Jun-20 17:13:38 - INFO - F:\Parser\scripts\tests\q5\radio_check.py - Radio test passed
26-Jun-20 17:13:38 - DEBUG - F:\Parser\scripts\tests\dc_tester.py - Test "*/Q5/radio_check", Elapsed Time: 0.000997304916381836
26-Jun-20 17:13:38 - INFO - F:\Parser\scripts\tests\q5\recommendations.py - FTP - Connected to ftp.infinet.ru
26-Jun-20 17:13:38 - DEBUG - F:\Parser\scripts\tests\q5\recommendations.py - FTP - NLST from ftp.infinet.ru
26-Jun-20 17:13:38 - INFO - F:\Parser\scripts\tests\q5\recommendations.py - FTP - Disconnected from ftp.infinet.ru
26-Jun-20 17:13:38 - INFO - F:\Parser\scripts\tests\q5\recommendations.py - Recommendations test failed
26-Jun-20 17:13:38 - DEBUG - F:\Parser\scripts\tests\dc_tester.py - Test "*/Q5/recommendations", Elapsed Time: 0.3401029109954834
26-Jun-20 17:13:38 - INFO - F:\Parser\scripts\tests\dc_tester.py - Tests finished, Elapsed Time: 0.35207104682922363
26-Jun-20 17:13:38 - INFO - F:\Parser\scripts\reports\report_q5.py - Report prepared, Elapsed Time: 0.006981611251831055
26-Jun-20 17:13:38 - INFO - F:\Parser\app.py - Send reply (JSON) to 127.0.0.1
26-Jun-20 17:15:10 - WARNING - F:\Parser\app.py - --------------------NEW REQUEST--------------------
26-Jun-20 17:15:10 - INFO - F:\Parser\app.py - POST request received from 127.0.0.1
26-Jun-20 17:15:10 - DEBUG - F:\Parser\app.py - POST request User-Agent: curl/7.69.1
26-Jun-20 17:15:10 - INFO - F:\Parser\app.py - POST contains: ['file']
26-Jun-20 17:15:10 - INFO - F:\Parser\app.py - Send "file" (123325_diag_master_701019_1988-01-01_00-09-39.txt) to parser
26-Jun-20 17:15:10 - DEBUG - F:\Parser\scripts\parsers\dc_parser.py - This is Quanta 5
26-Jun-20 17:15:10 - INFO - F:\Parser\scripts\parsers\dc_parser.py - <module 'scripts.parsers.parser_q5' from 'F:\\Parser\\scripts\\parsers\\parser_q5.py'> was imported to parse the diagnostic card
26-Jun-20 17:15:10 - DEBUG - F:\Parser\scripts\parsers\parser_q5.py - General info: Firmware - H18S14-OCTOPUS_PTPv1.3.2, Model - V5-23, Subfamily - Vector 5, SN - 701019, Uptime - 00:09:35, Last reboot reason - manual delayed restart
26-Jun-20 17:15:10 - DEBUG - F:\Parser\scripts\parsers\parser_q5.py - Settings: {'Role': 'master', 'Bandwidth': '40', 'DL Frequency': '4915', 'UL Frequency': '4820', 'Frame size': '5', 'Guard Interval': '1/16', 'DL/UL Ratio': '17/83', 'Tx Power': '27', 'ATPC': 'Enabled', 'AMC Strategy': 'aggressive', 'ADLP': 'Enabled', 'Max DL MCS': '256-QAM-7/8', 'Max UL MCS': '256-QAM-7/8', 'DFS': 'Disabled', 'ARQ': 'Enabled', 'Interface Status': {'ge0': 'up'}}
26-Jun-20 17:15:10 - DEBUG - F:\Parser\scripts\parsers\parser_q5.py - Radio Status: {'Link status': 'connected', 'Measured Distance': None, 'Downlink': {'Frequency': '4915', 'Stream 0': {'Tx Power': '26', 'MCS': '64-QAM-3/4', 'RSSI': '-54.7', 'EVM': '-19.8', 'Crosstalk': '-18.0', 'ARQ ratio': '1.9'}, 'Stream 1': {'Tx Power': '27', 'MCS': '64-QAM-2/3', 'RSSI': '-52.7', 'EVM': '-19.6', 'Crosstalk': '-23.8', 'ARQ ratio': '0.0'}}, 'Uplink': {'Frequency': '4820', 'Stream 0': {'Tx Power': '25', 'MCS': '64-QAM-5/6', 'RSSI': '-56.7', 'EVM': '-27.1', 'Crosstalk': '-17.6', 'ARQ ratio': '1.2'}, 'Stream 1': {'Tx Power': '25', 'MCS': '64-QAM-5/6', 'RSSI': '-56.5', 'EVM': '-25.3', 'Crosstalk': '-30.3', 'ARQ ratio': '0.0'}}}
26-Jun-20 17:15:10 - DEBUG - F:\Parser\scripts\parsers\parser_q5.py - Ethernet Status: {'ge0': {'Status': 'up', 'Speed': '1000', 'Duplex': 'Full', 'Negotiation': 'Auto', 'CRC': '25'}}
26-Jun-20 17:15:10 - INFO - F:\Parser\scripts\parsers\parser_q5.py - Diagnostic card parsed, Elapsed Time: 0.018949270248413086
26-Jun-20 17:15:10 - INFO - F:\Parser\scripts\tests\q5\ethernet_check.py - Ethernet test failed
26-Jun-20 17:15:10 - DEBUG - F:\Parser\scripts\tests\dc_tester.py - Test "*/Q5/ethernet_check", Elapsed Time: 0.014935970306396484
26-Jun-20 17:15:10 - INFO - F:\Parser\scripts\tests\q5\log_check.py - Log issues test passed
26-Jun-20 17:15:10 - DEBUG - F:\Parser\scripts\tests\dc_tester.py - Test "*/Q5/log_check", Elapsed Time: 0.004987478256225586
26-Jun-20 17:15:10 - INFO - F:\Parser\scripts\tests\q5\radio_check.py - Radio test passed
26-Jun-20 17:15:10 - DEBUG - F:\Parser\scripts\tests\dc_tester.py - Test "*/Q5/radio_check", Elapsed Time: 0.007978200912475586
26-Jun-20 17:15:10 - INFO - F:\Parser\scripts\tests\q5\recommendations.py - FTP - Connected to ftp.infinet.ru
26-Jun-20 17:15:11 - DEBUG - F:\Parser\scripts\tests\q5\recommendations.py - FTP - NLST from ftp.infinet.ru
26-Jun-20 17:15:11 - INFO - F:\Parser\scripts\tests\q5\recommendations.py - FTP - Disconnected from ftp.infinet.ru
26-Jun-20 17:15:11 - INFO - F:\Parser\scripts\tests\q5\recommendations.py - Recommendations test failed
26-Jun-20 17:15:11 - DEBUG - F:\Parser\scripts\tests\dc_tester.py - Test "*/Q5/recommendations", Elapsed Time: 0.25830960273742676
26-Jun-20 17:15:11 - INFO - F:\Parser\scripts\tests\dc_tester.py - Tests finished, Elapsed Time: 0.2862112522125244
26-Jun-20 17:15:11 - INFO - F:\Parser\scripts\reports\report_q5.py - Report prepared, Elapsed Time: 0.005984306335449219
26-Jun-20 17:15:11 - INFO - F:\Parser\app.py - Send reply (JSON) to 127.0.0.1
26-Jun-20 17:15:35 - WARNING - F:\Parser\app.py - --------------------NEW REQUEST--------------------
26-Jun-20 17:15:35 - INFO - F:\Parser\app.py - POST request received from 127.0.0.1
26-Jun-20 17:15:35 - DEBUG - F:\Parser\app.py - POST request User-Agent: curl/7.69.1
26-Jun-20 17:15:35 - INFO - F:\Parser\app.py - POST contains: ['file']
26-Jun-20 17:15:35 - INFO - F:\Parser\app.py - Send "file" (123325_diag_master_701019_1988-01-01_00-09-39.txt) to parser
26-Jun-20 17:15:35 - DEBUG - F:\Parser\scripts\parsers\dc_parser.py - This is Quanta 5
26-Jun-20 17:15:35 - INFO - F:\Parser\scripts\parsers\dc_parser.py - <module 'scripts.parsers.parser_q5' from 'F:\\Parser\\scripts\\parsers\\parser_q5.py'> was imported to parse the diagnostic card
26-Jun-20 17:15:35 - DEBUG - F:\Parser\scripts\parsers\parser_q5.py - General info: Firmware - H18S14-OCTOPUS_PTPv1.3.2, Model - V5-23, Subfamily - Vector 5, SN - 701019, Uptime - 00:09:35, Last reboot reason - manual delayed restart
26-Jun-20 17:15:35 - DEBUG - F:\Parser\scripts\parsers\parser_q5.py - Settings: {'Role': 'master', 'Bandwidth': '40', 'DL Frequency': '4915', 'UL Frequency': '4820', 'Frame size': '5', 'Guard Interval': '1/16', 'DL/UL Ratio': '17/83', 'Tx Power': '27', 'ATPC': 'Enabled', 'AMC Strategy': 'aggressive', 'ADLP': 'Enabled', 'Max DL MCS': '256-QAM-7/8', 'Max UL MCS': '256-QAM-7/8', 'DFS': 'Disabled', 'ARQ': 'Enabled', 'Interface Status': {'ge0': 'up'}}
26-Jun-20 17:15:35 - DEBUG - F:\Parser\scripts\parsers\parser_q5.py - Radio Status: {'Link status': 'connected', 'Measured Distance': None, 'Downlink': {'Frequency': '4915', 'Stream 0': {'Tx Power': '26', 'MCS': '64-QAM-3/4', 'RSSI': '-54.7', 'EVM': '-19.8', 'Crosstalk': '-18.0', 'ARQ ratio': '1.9'}, 'Stream 1': {'Tx Power': '27', 'MCS': '64-QAM-2/3', 'RSSI': '-52.7', 'EVM': '-19.6', 'Crosstalk': '-23.8', 'ARQ ratio': '0.0'}}, 'Uplink': {'Frequency': '4820', 'Stream 0': {'Tx Power': '25', 'MCS': '64-QAM-5/6', 'RSSI': '-56.7', 'EVM': '-27.1', 'Crosstalk': '-17.6', 'ARQ ratio': '1.2'}, 'Stream 1': {'Tx Power': '25', 'MCS': '64-QAM-5/6', 'RSSI': '-56.5', 'EVM': '-25.3', 'Crosstalk': '-30.3', 'ARQ ratio': '0.0'}}}
26-Jun-20 17:15:35 - DEBUG - F:\Parser\scripts\parsers\parser_q5.py - Ethernet Status: {'ge0': {'Status': 'up', 'Speed': '1000', 'Duplex': 'Full', 'Negotiation': 'Auto', 'CRC': '25'}}
26-Jun-20 17:15:35 - INFO - F:\Parser\scripts\parsers\parser_q5.py - Diagnostic card parsed, Elapsed Time: 0.019453763961791992
26-Jun-20 17:15:35 - INFO - F:\Parser\scripts\tests\q5\ethernet_check.py - Ethernet test failed
26-Jun-20 17:15:35 - DEBUG - F:\Parser\scripts\tests\dc_tester.py - Test "*/Q5/ethernet_check", Elapsed Time: 0.012965679168701172
26-Jun-20 17:15:35 - INFO - F:\Parser\scripts\tests\q5\log_check.py - Log issues test passed
26-Jun-20 17:15:35 - DEBUG - F:\Parser\scripts\tests\dc_tester.py - Test "*/Q5/log_check", Elapsed Time: 0.003989219665527344
26-Jun-20 17:15:35 - INFO - F:\Parser\scripts\tests\q5\radio_check.py - Radio test passed
26-Jun-20 17:15:35 - DEBUG - F:\Parser\scripts\tests\dc_tester.py - Test "*/Q5/radio_check", Elapsed Time: 0.001995086669921875
26-Jun-20 17:15:35 - INFO - F:\Parser\scripts\tests\q5\recommendations.py - FTP - Connected to ftp.infinet.ru
26-Jun-20 17:15:35 - DEBUG - F:\Parser\scripts\tests\q5\recommendations.py - FTP - NLST from ftp.infinet.ru
26-Jun-20 17:15:35 - INFO - F:\Parser\scripts\tests\q5\recommendations.py - FTP - Disconnected from ftp.infinet.ru
26-Jun-20 17:15:35 - INFO - F:\Parser\scripts\tests\q5\recommendations.py - Recommendations test failed
26-Jun-20 17:15:35 - DEBUG - F:\Parser\scripts\tests\dc_tester.py - Test "*/Q5/recommendations", Elapsed Time: 0.25332188606262207
26-Jun-20 17:15:35 - INFO - F:\Parser\scripts\tests\dc_tester.py - Tests finished, Elapsed Time: 0.27227187156677246
26-Jun-20 17:15:35 - INFO - F:\Parser\scripts\reports\report_q5.py - Report prepared, Elapsed Time: 0.0
26-Jun-20 17:15:35 - INFO - F:\Parser\app.py - Send reply (JSON) to 127.0.0.1
26-Jun-20 17:19:43 - WARNING - F:\Parser\app.py - --------------------NEW REQUEST--------------------
26-Jun-20 17:19:43 - INFO - F:\Parser\app.py - POST request received from 127.0.0.1
26-Jun-20 17:19:43 - DEBUG - F:\Parser\app.py - POST request User-Agent: curl/7.69.1
26-Jun-20 17:19:43 - INFO - F:\Parser\app.py - POST contains: ['file']
26-Jun-20 17:19:43 - INFO - F:\Parser\app.py - Send "file" (123325_diag_master_701019_1988-01-01_00-09-39.txt) to parser
26-Jun-20 17:19:43 - DEBUG - F:\Parser\scripts\parsers\dc_parser.py - This is Quanta 5
26-Jun-20 17:19:43 - INFO - F:\Parser\scripts\parsers\dc_parser.py - <module 'scripts.parsers.parser_q5' from 'F:\\Parser\\scripts\\parsers\\parser_q5.py'> was imported to parse the diagnostic card
26-Jun-20 17:19:43 - DEBUG - F:\Parser\scripts\parsers\parser_q5.py - General info: Firmware - H18S14-OCTOPUS_PTPv1.3.2, Model - V5-23, Subfamily - Vector 5, SN - 701019, Uptime - 00:09:35, Last reboot reason - manual delayed restart
26-Jun-20 17:19:43 - DEBUG - F:\Parser\scripts\parsers\parser_q5.py - Settings: {'Role': 'master', 'Bandwidth': '40', 'DL Frequency': '4915', 'UL Frequency': '4820', 'Frame size': '5', 'Guard Interval': '1/16', 'DL/UL Ratio': '17/83', 'Tx Power': '27', 'ATPC': 'Enabled', 'AMC Strategy': 'aggressive', 'ADLP': 'Enabled', 'Max DL MCS': '256-QAM-7/8', 'Max UL MCS': '256-QAM-7/8', 'DFS': 'Disabled', 'ARQ': 'Enabled', 'Interface Status': {'ge0': 'up'}}
26-Jun-20 17:19:43 - DEBUG - F:\Parser\scripts\parsers\parser_q5.py - Radio Status: {'Link status': 'connected', 'Measured Distance': None, 'Downlink': {'Frequency': '4915', 'Stream 0': {'Tx Power': '26', 'MCS': '64-QAM-3/4', 'RSSI': '-54.7', 'EVM': '-19.8', 'Crosstalk': '-18.0', 'ARQ ratio': '1.9'}, 'Stream 1': {'Tx Power': '27', 'MCS': '64-QAM-2/3', 'RSSI': '-52.7', 'EVM': '-19.6', 'Crosstalk': '-23.8', 'ARQ ratio': '0.0'}}, 'Uplink': {'Frequency': '4820', 'Stream 0': {'Tx Power': '25', 'MCS': '64-QAM-5/6', 'RSSI': '-56.7', 'EVM': '-27.1', 'Crosstalk': '-17.6', 'ARQ ratio': '1.2'}, 'Stream 1': {'Tx Power': '25', 'MCS': '64-QAM-5/6', 'RSSI': '-56.5', 'EVM': '-25.3', 'Crosstalk': '-30.3', 'ARQ ratio': '0.0'}}}
26-Jun-20 17:19:43 - DEBUG - F:\Parser\scripts\parsers\parser_q5.py - Ethernet Status: {'ge0': {'Status': 'up', 'Speed': '1000', 'Duplex': 'Full', 'Negotiation': 'Auto', 'CRC': '25'}}
26-Jun-20 17:19:43 - INFO - F:\Parser\scripts\parsers\parser_q5.py - Diagnostic card parsed, Elapsed Time: 0.018948793411254883
26-Jun-20 17:19:43 - INFO - F:\Parser\scripts\tests\q5\ethernet_check.py - Ethernet test failed
26-Jun-20 17:19:43 - DEBUG - F:\Parser\scripts\tests\dc_tester.py - Test "*/Q5/ethernet_check", Elapsed Time: 0.008975028991699219
26-Jun-20 17:19:43 - INFO - F:\Parser\scripts\tests\q5\log_check.py - Log issues test passed
26-Jun-20 17:19:43 - DEBUG - F:\Parser\scripts\tests\dc_tester.py - Test "*/Q5/log_check", Elapsed Time: 0.001995086669921875
26-Jun-20 17:19:43 - INFO - F:\Parser\scripts\tests\q5\radio_check.py - Radio test passed
26-Jun-20 17:19:43 - DEBUG - F:\Parser\scripts\tests\dc_tester.py - Test "*/Q5/radio_check", Elapsed Time: 0.0
26-Jun-20 17:19:43 - INFO - F:\Parser\scripts\tests\q5\recommendations.py - FTP - Connected to ftp.infinet.ru
26-Jun-20 17:19:43 - DEBUG - F:\Parser\scripts\tests\q5\recommendations.py - FTP - NLST from ftp.infinet.ru
26-Jun-20 17:19:43 - INFO - F:\Parser\scripts\tests\q5\recommendations.py - FTP - Disconnected from ftp.infinet.ru
26-Jun-20 17:19:43 - INFO - F:\Parser\scripts\tests\q5\recommendations.py - Recommendations test failed
26-Jun-20 17:19:43 - DEBUG - F:\Parser\scripts\tests\dc_tester.py - Test "*/Q5/recommendations", Elapsed Time: 0.3041863441467285
26-Jun-20 17:19:43 - INFO - F:\Parser\scripts\tests\dc_tester.py - Tests finished, Elapsed Time: 0.31615471839904785
26-Jun-20 17:23:55 - WARNING - F:\Parser\app.py - --------------------NEW REQUEST--------------------
26-Jun-20 17:23:55 - INFO - F:\Parser\app.py - POST request received from 127.0.0.1
26-Jun-20 17:23:55 - DEBUG - F:\Parser\app.py - POST request User-Agent: curl/7.69.1
26-Jun-20 17:23:55 - INFO - F:\Parser\app.py - POST contains: ['file']
26-Jun-20 17:23:55 - INFO - F:\Parser\app.py - Send "file" (123325_diag_master_701019_1988-01-01_00-09-39.txt) to parser
26-Jun-20 17:23:55 - DEBUG - F:\Parser\scripts\parsers\dc_parser.py - This is Quanta 5
26-Jun-20 17:23:55 - INFO - F:\Parser\scripts\parsers\dc_parser.py - <module 'scripts.parsers.parser_q5' from 'F:\\Parser\\scripts\\parsers\\parser_q5.py'> was imported to parse the diagnostic card
26-Jun-20 17:23:55 - DEBUG - F:\Parser\scripts\parsers\parser_q5.py - General info: Firmware - H18S14-OCTOPUS_PTPv1.3.2, Model - V5-23, Subfamily - Vector 5, SN - 701019, Uptime - 00:09:35, Last reboot reason - manual delayed restart
26-Jun-20 17:23:55 - DEBUG - F:\Parser\scripts\parsers\parser_q5.py - Settings: {'Role': 'master', 'Bandwidth': '40', 'DL Frequency': '4915', 'UL Frequency': '4820', 'Frame size': '5', 'Guard Interval': '1/16', 'DL/UL Ratio': '17/83', 'Tx Power': '27', 'ATPC': 'Enabled', 'AMC Strategy': 'aggressive', 'ADLP': 'Enabled', 'Max DL MCS': '256-QAM-7/8', 'Max UL MCS': '256-QAM-7/8', 'DFS': 'Disabled', 'ARQ': 'Enabled', 'Interface Status': {'ge0': 'up'}}
26-Jun-20 17:23:55 - DEBUG - F:\Parser\scripts\parsers\parser_q5.py - Radio Status: {'Link status': 'connected', 'Measured Distance': None, 'Downlink': {'Frequency': '4915', 'Stream 0': {'Tx Power': '26', 'MCS': '64-QAM-3/4', 'RSSI': '-54.7', 'EVM': '-19.8', 'Crosstalk': '-18.0', 'ARQ ratio': '1.9'}, 'Stream 1': {'Tx Power': '27', 'MCS': '64-QAM-2/3', 'RSSI': '-52.7', 'EVM': '-19.6', 'Crosstalk': '-23.8', 'ARQ ratio': '0.0'}}, 'Uplink': {'Frequency': '4820', 'Stream 0': {'Tx Power': '25', 'MCS': '64-QAM-5/6', 'RSSI': '-56.7', 'EVM': '-27.1', 'Crosstalk': '-17.6', 'ARQ ratio': '1.2'}, 'Stream 1': {'Tx Power': '25', 'MCS': '64-QAM-5/6', 'RSSI': '-56.5', 'EVM': '-25.3', 'Crosstalk': '-30.3', 'ARQ ratio': '0.0'}}}
26-Jun-20 17:23:55 - DEBUG - F:\Parser\scripts\parsers\parser_q5.py - Ethernet Status: {'ge0': {'Status': 'up', 'Speed': '1000', 'Duplex': 'Full', 'Negotiation': 'Auto', 'CRC': '25'}}
26-Jun-20 17:23:55 - INFO - F:\Parser\scripts\parsers\parser_q5.py - Diagnostic card parsed, Elapsed Time: 0.018949270248413086
26-Jun-20 17:23:55 - INFO - F:\Parser\scripts\tests\q5\ethernet_check.py - Ethernet test failed
26-Jun-20 17:23:55 - DEBUG - F:\Parser\scripts\tests\dc_tester.py - Test "*/Q5/ethernet_check", Elapsed Time: 0.008975505828857422
26-Jun-20 17:23:55 - INFO - F:\Parser\scripts\tests\q5\log_check.py - Log issues test passed
26-Jun-20 17:23:55 - DEBUG - F:\Parser\scripts\tests\dc_tester.py - Test "*/Q5/log_check", Elapsed Time: 0.0009975433349609375
26-Jun-20 17:23:55 - INFO - F:\Parser\scripts\tests\q5\radio_check.py - Radio test passed
26-Jun-20 17:23:55 - DEBUG - F:\Parser\scripts\tests\dc_tester.py - Test "*/Q5/radio_check", Elapsed Time: 0.0
26-Jun-20 17:23:55 - INFO - F:\Parser\scripts\tests\q5\recommendations.py - FTP - Connected to ftp.infinet.ru
26-Jun-20 17:23:56 - DEBUG - F:\Parser\scripts\tests\q5\recommendations.py - FTP - NLST from ftp.infinet.ru
26-Jun-20 17:23:56 - INFO - F:\Parser\scripts\tests\q5\recommendations.py - FTP - Disconnected from ftp.infinet.ru
26-Jun-20 17:23:56 - INFO - F:\Parser\scripts\tests\q5\recommendations.py - Recommendations test failed
26-Jun-20 17:23:56 - DEBUG - F:\Parser\scripts\tests\dc_tester.py - Test "*/Q5/recommendations", Elapsed Time: 0.27277493476867676
26-Jun-20 17:23:56 - INFO - F:\Parser\scripts\tests\dc_tester.py - Tests finished, Elapsed Time: 0.2847433090209961
26-Jun-20 17:23:56 - INFO - F:\Parser\scripts\reports\report_q5.py - Report prepared, Elapsed Time: 0.0
26-Jun-20 17:23:56 - INFO - F:\Parser\app.py - Send reply (JSON) to 127.0.0.1
26-Jun-20 17:26:34 - WARNING - F:\Parser\app.py - --------------------NEW REQUEST--------------------
26-Jun-20 17:26:34 - INFO - F:\Parser\app.py - POST request received from 127.0.0.1
26-Jun-20 17:26:34 - DEBUG - F:\Parser\app.py - POST request User-Agent: curl/7.69.1
26-Jun-20 17:26:34 - INFO - F:\Parser\app.py - POST contains: ['file']
26-Jun-20 17:26:34 - INFO - F:\Parser\app.py - Send "file" (123325_diag_master_701019_1988-01-01_00-09-39.txt) to parser
26-Jun-20 17:26:34 - DEBUG - F:\Parser\scripts\parsers\dc_parser.py - This is Quanta 5
26-Jun-20 17:26:34 - INFO - F:\Parser\scripts\parsers\dc_parser.py - <module 'scripts.parsers.parser_q5' from 'F:\\Parser\\scripts\\parsers\\parser_q5.py'> was imported to parse the diagnostic card
26-Jun-20 17:26:34 - DEBUG - F:\Parser\scripts\parsers\parser_q5.py - General info: Firmware - H18S14-OCTOPUS_PTPv1.3.2, Model - V5-23, Subfamily - Vector 5, SN - 701019, Uptime - 00:09:35, Last reboot reason - manual delayed restart
26-Jun-20 17:26:34 - DEBUG - F:\Parser\scripts\parsers\parser_q5.py - Settings: {'Role': 'master', 'Bandwidth': '40', 'DL Frequency': '4915', 'UL Frequency': '4820', 'Frame size': '5', 'Guard Interval': '1/16', 'DL/UL Ratio': '17/83', 'Tx Power': '27', 'ATPC': 'Enabled', 'AMC Strategy': 'aggressive', 'ADLP': 'Enabled', 'Max DL MCS': '256-QAM-7/8', 'Max UL MCS': '256-QAM-7/8', 'DFS': 'Disabled', 'ARQ': 'Enabled', 'Interface Status': {'ge0': 'up'}}
26-Jun-20 17:26:34 - DEBUG - F:\Parser\scripts\parsers\parser_q5.py - Radio Status: {'Link status': 'connected', 'Measured Distance': None, 'Downlink': {'Frequency': '4915', 'Stream 0': {'Tx Power': '26', 'MCS': '64-QAM-3/4', 'RSSI': '-54.7', 'EVM': '-19.8', 'Crosstalk': '-18.0', 'ARQ ratio': '1.9'}, 'Stream 1': {'Tx Power': '27', 'MCS': '64-QAM-2/3', 'RSSI': '-52.7', 'EVM': '-19.6', 'Crosstalk': '-23.8', 'ARQ ratio': '0.0'}}, 'Uplink': {'Frequency': '4820', 'Stream 0': {'Tx Power': '25', 'MCS': '64-QAM-5/6', 'RSSI': '-56.7', 'EVM': '-27.1', 'Crosstalk': '-17.6', 'ARQ ratio': '1.2'}, 'Stream 1': {'Tx Power': '25', 'MCS': '64-QAM-5/6', 'RSSI': '-56.5', 'EVM': '-25.3', 'Crosstalk': '-30.3', 'ARQ ratio': '0.0'}}}
26-Jun-20 17:26:34 - DEBUG - F:\Parser\scripts\parsers\parser_q5.py - Ethernet Status: {'ge0': {'Status': 'up', 'Speed': '1000', 'Duplex': 'Full', 'Negotiation': 'Auto', 'CRC': '25'}}
26-Jun-20 17:26:34 - INFO - F:\Parser\scripts\parsers\parser_q5.py - Diagnostic card parsed, Elapsed Time: 0.018949031829833984
26-Jun-20 17:26:34 - INFO - F:\Parser\scripts\tests\q5\ethernet_check.py - Ethernet test failed
26-Jun-20 17:26:34 - DEBUG - F:\Parser\scripts\tests\dc_tester.py - Test "*/Q5/ethernet_check", Elapsed Time: 0.009973526000976562
26-Jun-20 17:26:34 - INFO - F:\Parser\scripts\tests\q5\log_check.py - Log issues test passed
26-Jun-20 17:26:34 - DEBUG - F:\Parser\scripts\tests\dc_tester.py - Test "*/Q5/log_check", Elapsed Time: 0.0019948482513427734
26-Jun-20 17:26:34 - INFO - F:\Parser\scripts\tests\q5\radio_check.py - Radio test passed
26-Jun-20 17:26:34 - DEBUG - F:\Parser\scripts\tests\dc_tester.py - Test "*/Q5/radio_check", Elapsed Time: 0.0
26-Jun-20 17:26:35 - INFO - F:\Parser\scripts\tests\q5\recommendations.py - FTP - Connected to ftp.infinet.ru
26-Jun-20 17:26:35 - DEBUG - F:\Parser\scripts\tests\q5\recommendations.py - FTP - NLST from ftp.infinet.ru
26-Jun-20 17:26:35 - INFO - F:\Parser\scripts\tests\q5\recommendations.py - FTP - Disconnected from ftp.infinet.ru
26-Jun-20 17:26:35 - INFO - F:\Parser\scripts\tests\q5\recommendations.py - Recommendations test failed
26-Jun-20 17:26:35 - DEBUG - F:\Parser\scripts\tests\dc_tester.py - Test "*/Q5/recommendations", Elapsed Time: 0.2902231216430664
26-Jun-20 17:26:35 - INFO - F:\Parser\scripts\tests\dc_tester.py - Tests finished, Elapsed Time: 0.3031892776489258
26-Jun-20 17:26:35 - INFO - F:\Parser\scripts\reports\report_q5.py - Report prepared, Elapsed Time: 0.0
26-Jun-20 17:26:35 - INFO - F:\Parser\app.py - Send reply (JSON) to 127.0.0.1
26-Jun-20 17:26:57 - WARNING - F:\Parser\app.py - --------------------NEW REQUEST--------------------
26-Jun-20 17:26:57 - INFO - F:\Parser\app.py - POST request received from 127.0.0.1
26-Jun-20 17:26:57 - DEBUG - F:\Parser\app.py - POST request User-Agent: curl/7.69.1
26-Jun-20 17:26:57 - INFO - F:\Parser\app.py - POST contains: ['file']
26-Jun-20 17:26:57 - INFO - F:\Parser\app.py - Send "file" (123325_diag_master_701019_1988-01-01_00-09-39.txt) to parser
26-Jun-20 17:26:57 - DEBUG - F:\Parser\scripts\parsers\dc_parser.py - This is Quanta 5
26-Jun-20 17:26:57 - INFO - F:\Parser\scripts\parsers\dc_parser.py - <module 'scripts.parsers.parser_q5' from 'F:\\Parser\\scripts\\parsers\\parser_q5.py'> was imported to parse the diagnostic card
26-Jun-20 17:26:57 - DEBUG - F:\Parser\scripts\parsers\parser_q5.py - General info: Firmware - H18S14-OCTOPUS_PTPv1.3.2, Model - V5-23, Subfamily - Vector 5, SN - 701019, Uptime - 00:09:35, Last reboot reason - manual delayed restart
26-Jun-20 17:26:57 - DEBUG - F:\Parser\scripts\parsers\parser_q5.py - Settings: {'Role': 'master', 'Bandwidth': '40', 'DL Frequency': '4915', 'UL Frequency': '4820', 'Frame size': '5', 'Guard Interval': '1/16', 'DL/UL Ratio': '17/83', 'Tx Power': '27', 'ATPC': 'Enabled', 'AMC Strategy': 'aggressive', 'ADLP': 'Enabled', 'Max DL MCS': '256-QAM-7/8', 'Max UL MCS': '256-QAM-7/8', 'DFS': 'Disabled', 'ARQ': 'Enabled', 'Interface Status': {'ge0': 'up'}}
26-Jun-20 17:26:57 - DEBUG - F:\Parser\scripts\parsers\parser_q5.py - Radio Status: {'Link status': 'connected', 'Measured Distance': None, 'Downlink': {'Frequency': '4915', 'Stream 0': {'Tx Power': '26', 'MCS': '64-QAM-3/4', 'RSSI': '-54.7', 'EVM': '-19.8', 'Crosstalk': '-18.0', 'ARQ ratio': '1.9'}, 'Stream 1': {'Tx Power': '27', 'MCS': '64-QAM-2/3', 'RSSI': '-52.7', 'EVM': '-19.6', 'Crosstalk': '-23.8', 'ARQ ratio': '0.0'}}, 'Uplink': {'Frequency': '4820', 'Stream 0': {'Tx Power': '25', 'MCS': '64-QAM-5/6', 'RSSI': '-56.7', 'EVM': '-27.1', 'Crosstalk': '-17.6', 'ARQ ratio': '1.2'}, 'Stream 1': {'Tx Power': '25', 'MCS': '64-QAM-5/6', 'RSSI': '-56.5', 'EVM': '-25.3', 'Crosstalk': '-30.3', 'ARQ ratio': '0.0'}}}
26-Jun-20 17:26:57 - DEBUG - F:\Parser\scripts\parsers\parser_q5.py - Ethernet Status: {'ge0': {'Status': 'up', 'Speed': '1000', 'Duplex': 'Full', 'Negotiation': 'Auto', 'CRC': '25'}}
26-Jun-20 17:26:57 - INFO - F:\Parser\scripts\parsers\parser_q5.py - Diagnostic card parsed, Elapsed Time: 0.018949270248413086
26-Jun-20 17:26:57 - INFO - F:\Parser\scripts\tests\q5\ethernet_check.py - Ethernet test failed
26-Jun-20 17:26:57 - DEBUG - F:\Parser\scripts\tests\dc_tester.py - Test "*/Q5/ethernet_check", Elapsed Time: 0.00897526741027832
26-Jun-20 17:26:57 - INFO - F:\Parser\scripts\tests\q5\log_check.py - Log issues test passed
26-Jun-20 17:26:57 - DEBUG - F:\Parser\scripts\tests\dc_tester.py - Test "*/Q5/log_check", Elapsed Time: 0.0009980201721191406
26-Jun-20 17:26:57 - INFO - F:\Parser\scripts\tests\q5\radio_check.py - Radio test passed
26-Jun-20 17:26:57 - DEBUG - F:\Parser\scripts\tests\dc_tester.py - Test "*/Q5/radio_check", Elapsed Time: 0.0009968280792236328
26-Jun-20 17:26:57 - INFO - F:\Parser\scripts\tests\q5\recommendations.py - FTP - Connected to ftp.infinet.ru
26-Jun-20 17:26:57 - DEBUG - F:\Parser\scripts\tests\q5\recommendations.py - FTP - NLST from ftp.infinet.ru
26-Jun-20 17:26:57 - INFO - F:\Parser\scripts\tests\q5\recommendations.py - FTP - Disconnected from ftp.infinet.ru
26-Jun-20 17:26:57 - INFO - F:\Parser\scripts\tests\q5\recommendations.py - Recommendations test failed
26-Jun-20 17:26:57 - DEBUG - F:\Parser\scripts\tests\dc_tester.py - Test "*/Q5/recommendations", Elapsed Time: 0.26679110527038574
26-Jun-20 17:26:57 - INFO - F:\Parser\scripts\tests\dc_tester.py - Tests finished, Elapsed Time: 0.2787587642669678
26-Jun-20 17:26:57 - INFO - F:\Parser\scripts\reports\report_q5.py - Report prepared, Elapsed Time: 0.0
26-Jun-20 17:26:57 - INFO - F:\Parser\app.py - Send reply (JSON) to 127.0.0.1
26-Jun-20 17:28:27 - WARNING - F:\Parser\app.py - --------------------NEW REQUEST--------------------
26-Jun-20 17:28:27 - INFO - F:\Parser\app.py - POST request received from 127.0.0.1
26-Jun-20 17:28:27 - DEBUG - F:\Parser\app.py - POST request User-Agent: curl/7.69.1
26-Jun-20 17:28:27 - INFO - F:\Parser\app.py - POST contains: ['file']
26-Jun-20 17:28:27 - INFO - F:\Parser\app.py - Send "file" (123325_diag_master_701019_1988-01-01_00-09-39.txt) to parser
26-Jun-20 17:28:27 - DEBUG - F:\Parser\scripts\parsers\dc_parser.py - This is Quanta 5
26-Jun-20 17:28:27 - INFO - F:\Parser\scripts\parsers\dc_parser.py - <module 'scripts.parsers.parser_q5' from 'F:\\Parser\\scripts\\parsers\\parser_q5.py'> was imported to parse the diagnostic card
26-Jun-20 17:28:27 - DEBUG - F:\Parser\scripts\parsers\parser_q5.py - General info: Firmware - H18S14-OCTOPUS_PTPv1.3.2, Model - V5-23, Subfamily - Vector 5, SN - 701019, Uptime - 00:09:35, Last reboot reason - manual delayed restart
26-Jun-20 17:28:27 - DEBUG - F:\Parser\scripts\parsers\parser_q5.py - Settings: {'Role': 'master', 'Bandwidth': '40', 'DL Frequency': '4915', 'UL Frequency': '4820', 'Frame size': '5', 'Guard Interval': '1/16', 'DL/UL Ratio': '17/83', 'Tx Power': '27', 'ATPC': 'Enabled', 'AMC Strategy': 'aggressive', 'ADLP': 'Enabled', 'Max DL MCS': '256-QAM-7/8', 'Max UL MCS': '256-QAM-7/8', 'DFS': 'Disabled', 'ARQ': 'Enabled', 'Interface Status': {'ge0': 'up'}}
26-Jun-20 17:28:27 - DEBUG - F:\Parser\scripts\parsers\parser_q5.py - Radio Status: {'Link status': 'connected', 'Measured Distance': None, 'Downlink': {'Frequency': '4915', 'Stream 0': {'Tx Power': '26', 'MCS': '64-QAM-3/4', 'RSSI': '-54.7', 'EVM': '-19.8', 'Crosstalk': '-18.0', 'ARQ ratio': '1.9'}, 'Stream 1': {'Tx Power': '27', 'MCS': '64-QAM-2/3', 'RSSI': '-52.7', 'EVM': '-19.6', 'Crosstalk': '-23.8', 'ARQ ratio': '0.0'}}, 'Uplink': {'Frequency': '4820', 'Stream 0': {'Tx Power': '25', 'MCS': '64-QAM-5/6', 'RSSI': '-56.7', 'EVM': '-27.1', 'Crosstalk': '-17.6', 'ARQ ratio': '1.2'}, 'Stream 1': {'Tx Power': '25', 'MCS': '64-QAM-5/6', 'RSSI': '-56.5', 'EVM': '-25.3', 'Crosstalk': '-30.3', 'ARQ ratio': '0.0'}}}
26-Jun-20 17:28:27 - DEBUG - F:\Parser\scripts\parsers\parser_q5.py - Ethernet Status: {'ge0': {'Status': 'up', 'Speed': '1000', 'Duplex': 'Full', 'Negotiation': 'Auto', 'CRC': '25'}}
26-Jun-20 17:28:27 - INFO - F:\Parser\scripts\parsers\parser_q5.py - Diagnostic card parsed, Elapsed Time: 0.017952442169189453
26-Jun-20 17:28:27 - INFO - F:\Parser\scripts\tests\q5\ethernet_check.py - Ethernet test failed
26-Jun-20 17:28:27 - DEBUG - F:\Parser\scripts\tests\dc_tester.py - Test "*/Q5/ethernet_check", Elapsed Time: 0.009973287582397461
26-Jun-20 17:28:27 - INFO - F:\Parser\scripts\tests\q5\log_check.py - Log issues test passed
26-Jun-20 17:28:27 - DEBUG - F:\Parser\scripts\tests\dc_tester.py - Test "*/Q5/log_check", Elapsed Time: 0.000997304916381836
26-Jun-20 17:28:27 - INFO - F:\Parser\scripts\tests\q5\radio_check.py - Radio test passed
26-Jun-20 17:28:27 - DEBUG - F:\Parser\scripts\tests\dc_tester.py - Test "*/Q5/radio_check", Elapsed Time: 0.000997304916381836
26-Jun-20 17:28:27 - INFO - F:\Parser\scripts\tests\q5\recommendations.py - FTP - Connected to ftp.infinet.ru
26-Jun-20 17:28:27 - DEBUG - F:\Parser\scripts\tests\q5\recommendations.py - FTP - NLST from ftp.infinet.ru
26-Jun-20 17:28:27 - INFO - F:\Parser\scripts\tests\q5\recommendations.py - FTP - Disconnected from ftp.infinet.ru
26-Jun-20 17:28:27 - INFO - F:\Parser\scripts\tests\q5\recommendations.py - Recommendations test failed
26-Jun-20 17:28:27 - DEBUG - F:\Parser\scripts\tests\dc_tester.py - Test "*/Q5/recommendations", Elapsed Time: 0.25831007957458496
26-Jun-20 17:28:27 - INFO - F:\Parser\scripts\tests\dc_tester.py - Tests finished, Elapsed Time: 0.2702779769897461
26-Jun-20 17:28:27 - INFO - F:\Parser\scripts\reports\report_q5.py - Report prepared, Elapsed Time: 0.0
26-Jun-20 17:28:27 - INFO - F:\Parser\app.py - Send reply (JSON) to 127.0.0.1
26-Jun-20 17:28:49 - WARNING - F:\Parser\app.py - --------------------NEW REQUEST--------------------
26-Jun-20 17:28:49 - INFO - F:\Parser\app.py - POST request received from 127.0.0.1
26-Jun-20 17:28:49 - DEBUG - F:\Parser\app.py - POST request User-Agent: curl/7.69.1
26-Jun-20 17:28:49 - INFO - F:\Parser\app.py - POST contains: ['file']
26-Jun-20 17:28:49 - INFO - F:\Parser\app.py - Send "file" (123325_diag_master_701019_1988-01-01_00-09-39.txt) to parser
26-Jun-20 17:28:49 - DEBUG - F:\Parser\scripts\parsers\dc_parser.py - This is Quanta 5
26-Jun-20 17:28:49 - INFO - F:\Parser\scripts\parsers\dc_parser.py - <module 'scripts.parsers.parser_q5' from 'F:\\Parser\\scripts\\parsers\\parser_q5.py'> was imported to parse the diagnostic card
26-Jun-20 17:28:49 - DEBUG - F:\Parser\scripts\parsers\parser_q5.py - General info: Firmware - H18S14-OCTOPUS_PTPv1.3.2, Model - V5-23, Subfamily - Vector 5, SN - 701019, Uptime - 00:09:35, Last reboot reason - manual delayed restart
26-Jun-20 17:28:49 - DEBUG - F:\Parser\scripts\parsers\parser_q5.py - Settings: {'Role': 'master', 'Bandwidth': '40', 'DL Frequency': '4915', 'UL Frequency': '4820', 'Frame size': '5', 'Guard Interval': '1/16', 'DL/UL Ratio': '17/83', 'Tx Power': '27', 'ATPC': 'Enabled', 'AMC Strategy': 'aggressive', 'ADLP': 'Enabled', 'Max DL MCS': '256-QAM-7/8', 'Max UL MCS': '256-QAM-7/8', 'DFS': 'Disabled', 'ARQ': 'Enabled', 'Interface Status': {'ge0': 'up'}}
26-Jun-20 17:28:49 - DEBUG - F:\Parser\scripts\parsers\parser_q5.py - Radio Status: {'Link status': 'connected', 'Measured Distance': None, 'Downlink': {'Frequency': '4915', 'Stream 0': {'Tx Power': '26', 'MCS': '64-QAM-3/4', 'RSSI': '-54.7', 'EVM': '-19.8', 'Crosstalk': '-18.0', 'ARQ ratio': '1.9'}, 'Stream 1': {'Tx Power': '27', 'MCS': '64-QAM-2/3', 'RSSI': '-52.7', 'EVM': '-19.6', 'Crosstalk': '-23.8', 'ARQ ratio': '0.0'}}, 'Uplink': {'Frequency': '4820', 'Stream 0': {'Tx Power': '25', 'MCS': '64-QAM-5/6', 'RSSI': '-56.7', 'EVM': '-27.1', 'Crosstalk': '-17.6', 'ARQ ratio': '1.2'}, 'Stream 1': {'Tx Power': '25', 'MCS': '64-QAM-5/6', 'RSSI': '-56.5', 'EVM': '-25.3', 'Crosstalk': '-30.3', 'ARQ ratio': '0.0'}}}
26-Jun-20 17:28:49 - DEBUG - F:\Parser\scripts\parsers\parser_q5.py - Ethernet Status: {'ge0': {'Status': 'up', 'Speed': '1000', 'Duplex': 'Full', 'Negotiation': 'Auto', 'CRC': '25'}}
26-Jun-20 17:28:49 - INFO - F:\Parser\scripts\parsers\parser_q5.py - Diagnostic card parsed, Elapsed Time: 0.01994633674621582
26-Jun-20 17:28:49 - INFO - F:\Parser\scripts\tests\q5\ethernet_check.py - Ethernet test failed
26-Jun-20 17:28:49 - DEBUG - F:\Parser\scripts\tests\dc_tester.py - Test "*/Q5/ethernet_check", Elapsed Time: 0.010970830917358398
26-Jun-20 17:28:49 - INFO - F:\Parser\scripts\tests\q5\log_check.py - Log issues test passed
26-Jun-20 17:28:49 - DEBUG - F:\Parser\scripts\tests\dc_tester.py - Test "*/Q5/log_check", Elapsed Time: 0.000997304916381836
26-Jun-20 17:28:49 - INFO - F:\Parser\scripts\tests\q5\radio_check.py - Radio test passed
26-Jun-20 17:28:49 - DEBUG - F:\Parser\scripts\tests\dc_tester.py - Test "*/Q5/radio_check", Elapsed Time: 0.0009970664978027344
26-Jun-20 17:28:49 - INFO - F:\Parser\scripts\tests\q5\recommendations.py - FTP - Connected to ftp.infinet.ru
26-Jun-20 17:28:49 - DEBUG - F:\Parser\scripts\tests\q5\recommendations.py - FTP - NLST from ftp.infinet.ru
26-Jun-20 17:28:49 - INFO - F:\Parser\scripts\tests\q5\recommendations.py - FTP - Disconnected from ftp.infinet.ru
26-Jun-20 17:28:49 - INFO - F:\Parser\scripts\tests\q5\recommendations.py - Recommendations test failed
26-Jun-20 17:28:49 - DEBUG - F:\Parser\scripts\tests\dc_tester.py - Test "*/Q5/recommendations", Elapsed Time: 0.19997096061706543
26-Jun-20 17:28:49 - INFO - F:\Parser\scripts\tests\dc_tester.py - Tests finished, Elapsed Time: 0.2129361629486084
26-Jun-20 17:28:49 - INFO - F:\Parser\scripts\reports\report_q5.py - Report prepared, Elapsed Time: 0.0
26-Jun-20 17:28:49 - INFO - F:\Parser\app.py - Send reply (JSON) to 127.0.0.1
26-Jun-20 17:29:46 - WARNING - F:\Parser\app.py - --------------------NEW REQUEST--------------------
26-Jun-20 17:29:46 - INFO - F:\Parser\app.py - POST request received from 127.0.0.1
26-Jun-20 17:29:46 - DEBUG - F:\Parser\app.py - POST request User-Agent: curl/7.69.1
26-Jun-20 17:29:46 - INFO - F:\Parser\app.py - POST contains: ['file']
26-Jun-20 17:29:46 - INFO - F:\Parser\app.py - Send "file" (123325_diag_master_701019_1988-01-01_00-09-39.txt) to parser
26-Jun-20 17:29:46 - DEBUG - F:\Parser\scripts\parsers\dc_parser.py - This is Quanta 5
26-Jun-20 17:29:46 - INFO - F:\Parser\scripts\parsers\dc_parser.py - <module 'scripts.parsers.parser_q5' from 'F:\\Parser\\scripts\\parsers\\parser_q5.py'> was imported to parse the diagnostic card
26-Jun-20 17:29:46 - DEBUG - F:\Parser\scripts\parsers\parser_q5.py - General info: Firmware - H18S14-OCTOPUS_PTPv1.3.2, Model - V5-23, Subfamily - Vector 5, SN - 701019, Uptime - 00:09:35, Last reboot reason - manual delayed restart
26-Jun-20 17:29:46 - DEBUG - F:\Parser\scripts\parsers\parser_q5.py - Settings: {'Role': 'master', 'Bandwidth': '40', 'DL Frequency': '4915', 'UL Frequency': '4820', 'Frame size': '5', 'Guard Interval': '1/16', 'DL/UL Ratio': '17/83', 'Tx Power': '27', 'ATPC': 'Enabled', 'AMC Strategy': 'aggressive', 'ADLP': 'Enabled', 'Max DL MCS': '256-QAM-7/8', 'Max UL MCS': '256-QAM-7/8', 'DFS': 'Disabled', 'ARQ': 'Enabled', 'Interface Status': {'ge0': 'up'}}
26-Jun-20 17:29:46 - DEBUG - F:\Parser\scripts\parsers\parser_q5.py - Radio Status: {'Link status': 'connected', 'Measured Distance': None, 'Downlink': {'Frequency': '4915', 'Stream 0': {'Tx Power': '26', 'MCS': '64-QAM-3/4', 'RSSI': '-54.7', 'EVM': '-19.8', 'Crosstalk': '-18.0', 'ARQ ratio': '1.9'}, 'Stream 1': {'Tx Power': '27', 'MCS': '64-QAM-2/3', 'RSSI': '-52.7', 'EVM': '-19.6', 'Crosstalk': '-23.8', 'ARQ ratio': '0.0'}}, 'Uplink': {'Frequency': '4820', 'Stream 0': {'Tx Power': '25', 'MCS': '64-QAM-5/6', 'RSSI': '-56.7', 'EVM': '-27.1', 'Crosstalk': '-17.6', 'ARQ ratio': '1.2'}, 'Stream 1': {'Tx Power': '25', 'MCS': '64-QAM-5/6', 'RSSI': '-56.5', 'EVM': '-25.3', 'Crosstalk': '-30.3', 'ARQ ratio': '0.0'}}}
26-Jun-20 17:29:46 - DEBUG - F:\Parser\scripts\parsers\parser_q5.py - Ethernet Status: {'ge0': {'Status': 'up', 'Speed': '1000', 'Duplex': 'Full', 'Negotiation': 'Auto', 'CRC': '25'}}
26-Jun-20 17:29:46 - INFO - F:\Parser\scripts\parsers\parser_q5.py - Diagnostic card parsed, Elapsed Time: 0.018949508666992188
26-Jun-20 17:29:46 - INFO - F:\Parser\scripts\tests\q5\ethernet_check.py - Ethernet test failed
26-Jun-20 17:29:46 - DEBUG - F:\Parser\scripts\tests\dc_tester.py - Test "*/Q5/ethernet_check", Elapsed Time: 0.009973287582397461
26-Jun-20 17:29:46 - INFO - F:\Parser\scripts\tests\q5\log_check.py - Log issues test passed
26-Jun-20 17:29:46 - DEBUG - F:\Parser\scripts\tests\dc_tester.py - Test "*/Q5/log_check", Elapsed Time: 0.0009975433349609375
26-Jun-20 17:29:46 - INFO - F:\Parser\scripts\tests\q5\radio_check.py - Radio test passed
26-Jun-20 17:29:46 - DEBUG - F:\Parser\scripts\tests\dc_tester.py - Test "*/Q5/radio_check", Elapsed Time: 0.000997304916381836
26-Jun-20 17:29:46 - INFO - F:\Parser\scripts\tests\q5\recommendations.py - FTP - Connected to ftp.infinet.ru
26-Jun-20 17:29:46 - DEBUG - F:\Parser\scripts\tests\q5\recommendations.py - FTP - NLST from ftp.infinet.ru
26-Jun-20 17:29:46 - INFO - F:\Parser\scripts\tests\q5\recommendations.py - FTP - Disconnected from ftp.infinet.ru
26-Jun-20 17:29:46 - INFO - F:\Parser\scripts\tests\q5\recommendations.py - Recommendations test failed
26-Jun-20 17:29:46 - DEBUG - F:\Parser\scripts\tests\dc_tester.py - Test "*/Q5/recommendations", Elapsed Time: 0.24534344673156738
26-Jun-20 17:29:46 - INFO - F:\Parser\scripts\tests\dc_tester.py - Tests finished, Elapsed Time: 0.25830864906311035
26-Jun-20 17:29:46 - INFO - F:\Parser\scripts\reports\report_q5.py - Report prepared, Elapsed Time: 0.0
26-Jun-20 17:29:46 - INFO - F:\Parser\app.py - Send reply (JSON) to 127.0.0.1
